TN:
SF:app/composables/useDashboard.ts
FN:12,(anonymous_0)
FN:23,(anonymous_1)
FN:26,(anonymous_2)
FN:28,(anonymous_3)
FN:31,(anonymous_4)
FN:32,(anonymous_5)
FN:39,(anonymous_6)
FN:40,(anonymous_7)
FN:49,(anonymous_8)
FN:56,(anonymous_9)
FN:68,(anonymous_10)
FN:74,(anonymous_11)
FN:82,(anonymous_12)
FN:87,(anonymous_13)
FN:92,(anonymous_14)
FN:98,(anonymous_15)
FN:100,(anonymous_16)
FN:102,(anonymous_17)
FN:105,(anonymous_18)
FNF:19
FNH:0
FNDA:0,(anonymous_0)
FNDA:0,(anonymous_1)
FNDA:0,(anonymous_2)
FNDA:0,(anonymous_3)
FNDA:0,(anonymous_4)
FNDA:0,(anonymous_5)
FNDA:0,(anonymous_6)
FNDA:0,(anonymous_7)
FNDA:0,(anonymous_8)
FNDA:0,(anonymous_9)
FNDA:0,(anonymous_10)
FNDA:0,(anonymous_11)
FNDA:0,(anonymous_12)
FNDA:0,(anonymous_13)
FNDA:0,(anonymous_14)
FNDA:0,(anonymous_15)
FNDA:0,(anonymous_16)
FNDA:0,(anonymous_17)
FNDA:0,(anonymous_18)
DA:7,0
DA:8,0
DA:9,0
DA:12,0
DA:13,0
DA:14,0
DA:16,0
DA:23,0
DA:24,0
DA:26,0
DA:28,0
DA:30,0
DA:31,0
DA:32,0
DA:36,0
DA:38,0
DA:39,0
DA:41,0
DA:47,0
DA:49,0
DA:50,0
DA:51,0
DA:53,0
DA:56,0
DA:57,0
DA:58,0
DA:60,0
DA:61,0
DA:63,0
DA:64,0
DA:68,0
DA:69,0
DA:70,0
DA:71,0
DA:74,0
DA:75,0
DA:76,0
DA:77,0
DA:78,0
DA:82,0
DA:83,0
DA:84,0
DA:87,0
DA:88,0
DA:92,0
DA:93,0
DA:94,0
DA:95,0
DA:97,0
DA:98,0
DA:100,0
DA:102,0
DA:105,0
DA:106,0
DA:107,0
DA:109,0
DA:112,0
LF:57
LH:0
BRDA:13,0,0,0
BRDA:13,0,1,0
BRDA:13,1,0,0
BRDA:13,1,1,0
BRDA:13,1,2,0
BRDA:28,2,0,0
BRDA:28,2,1,0
BRDA:40,3,0,0
BRDA:41,4,0,0
BRDA:41,4,1,0
BRDA:50,5,0,0
BRDA:50,5,1,0
BRDA:58,6,0,0
BRDA:58,6,1,0
BRDA:61,7,0,0
BRDA:61,7,1,0
BRDA:63,8,0,0
BRDA:63,8,1,0
BRDA:69,9,0,0
BRDA:69,9,1,0
BRDA:70,10,0,0
BRDA:70,10,1,0
BRDA:77,11,0,0
BRDA:77,11,1,0
BRDA:93,12,0,0
BRDA:93,12,1,0
BRDA:95,13,0,0
BRDA:95,13,1,0
BRDA:107,14,0,0
BRDA:107,14,1,0
BRDA:107,15,0,0
BRDA:107,15,1,0
BRDA:109,16,0,0
BRDA:109,16,1,0
BRF:34
BRH:0
end_of_record
TN:
SF:domains/dashboard/mappers/dashboard.mapper.ts
FN:29,(anonymous_0)
FN:47,(anonymous_1)
FN:66,(anonymous_2)
FN:71,(anonymous_3)
FN:77,(anonymous_4)
FN:86,(anonymous_5)
FN:87,(anonymous_6)
FN:91,(anonymous_7)
FN:92,(anonymous_8)
FN:100,(anonymous_9)
FN:114,(anonymous_10)
FN:118,(anonymous_11)
FN:127,(anonymous_12)
FN:134,(anonymous_13)
FNF:14
FNH:14
FNDA:22,(anonymous_0)
FNDA:37,(anonymous_1)
FNDA:22,(anonymous_2)
FNDA:20,(anonymous_3)
FNDA:22,(anonymous_4)
FNDA:8,(anonymous_5)
FNDA:9,(anonymous_6)
FNDA:6,(anonymous_7)
FNDA:6,(anonymous_8)
FNDA:22,(anonymous_9)
FNDA:29,(anonymous_10)
FNDA:10,(anonymous_11)
FNDA:37,(anonymous_12)
FNDA:185,(anonymous_13)
DA:10,2
DA:12,2
DA:15,2
DA:24,2
DA:29,2
DA:33,22
DA:34,22
DA:36,22
DA:38,22
DA:47,2
DA:48,37
DA:50,37
DA:66,2
DA:69,22
DA:71,20
DA:77,2
DA:81,22
DA:82,16
DA:85,6
DA:86,4
DA:87,9
DA:91,2
DA:92,6
DA:100,2
DA:101,22
DA:103,22
DA:104,30
DA:105,30
DA:106,33
DA:107,29
DA:109,33
DA:113,22
DA:114,29
DA:118,10
DA:127,2
DA:128,37
DA:129,37
DA:134,37
DA:135,185
DA:136,185
LF:40
LH:40
BRDA:36,0,0,17
BRDA:36,0,1,5
BRDA:39,1,0,22
BRDA:39,1,1,3
BRDA:48,2,0,37
BRDA:48,2,1,1
BRDA:53,3,0,37
BRDA:53,3,1,29
BRDA:53,3,2,29
BRDA:54,4,0,37
BRDA:54,4,1,29
BRDA:54,4,2,29
BRDA:57,5,0,37
BRDA:57,5,1,0
BRDA:58,6,0,37
BRDA:58,6,1,29
BRDA:81,7,0,16
BRDA:81,7,1,6
BRDA:85,8,0,4
BRDA:85,8,1,2
BRDA:104,9,0,20
BRDA:104,9,1,10
BRDA:106,10,0,29
BRDA:106,10,1,4
BRF:24
BRH:23
end_of_record
TN:
SF:domains/dashboard/presenters/dashboard.presenter.ts
FN:11,(anonymous_0)
FN:15,(anonymous_1)
FNF:2
FNH:2
FNDA:6,(anonymous_0)
FNDA:7,(anonymous_1)
DA:11,1
DA:15,6
DA:19,7
DA:21,6
DA:24,6
LF:5
LH:5
BRF:0
BRH:0
end_of_record
TN:
SF:domains/layout/mappers/layout.mapper.ts
FN:4,(anonymous_0)
FN:8,(anonymous_1)
FN:9,(anonymous_2)
FN:10,(anonymous_3)
FN:20,(anonymous_4)
FNF:5
FNH:0
FNDA:0,(anonymous_0)
FNDA:0,(anonymous_1)
FNDA:0,(anonymous_2)
FNDA:0,(anonymous_3)
FNDA:0,(anonymous_4)
DA:4,0
DA:7,0
DA:8,0
DA:9,0
DA:10,0
DA:20,0
DA:23,0
LF:7
LH:0
BRF:0
BRH:0
end_of_record
TN:
SF:domains/layout/presenters/layout.presenter.ts
FN:13,(anonymous_0)
FN:14,(anonymous_1)
FNF:2
FNH:0
FNDA:0,(anonymous_0)
FNDA:0,(anonymous_1)
DA:13,0
DA:14,0
DA:15,0
DA:16,0
DA:19,0
LF:5
LH:0
BRF:0
BRH:0
end_of_record
TN:
SF:domains/show/mappers/show.mapper.ts
FN:24,(anonymous_0)
FN:45,(anonymous_1)
FN:54,(anonymous_2)
FN:59,(anonymous_3)
FN:98,(anonymous_4)
FN:115,(anonymous_5)
FN:129,(anonymous_6)
FN:141,(anonymous_7)
FN:147,(anonymous_8)
FN:152,(anonymous_9)
FN:161,(anonymous_10)
FN:168,(anonymous_11)
FNF:12
FNH:12
FNDA:57,(anonymous_0)
FNDA:38,(anonymous_1)
FNDA:19,(anonymous_2)
FNDA:19,(anonymous_3)
FNDA:4,(anonymous_4)
FNDA:2,(anonymous_5)
FNDA:19,(anonymous_6)
FNDA:3,(anonymous_7)
FNDA:19,(anonymous_8)
FNDA:19,(anonymous_9)
FNDA:23,(anonymous_10)
FNDA:115,(anonymous_11)
DA:13,1
DA:14,1
DA:17,1
DA:24,1
DA:25,57
DA:26,4
DA:29,53
DA:30,53
DA:31,2
DA:34,51
DA:35,51
DA:36,0
DA:39,51
DA:42,51
DA:45,1
DA:46,38
DA:47,38
DA:48,3
DA:51,35
DA:54,1
DA:55,19
DA:56,19
DA:59,1
DA:64,19
DA:66,19
DA:98,1
DA:101,4
DA:103,4
DA:115,1
DA:118,2
DA:129,1
DA:132,19
DA:134,19
DA:135,4
DA:136,3
DA:138,4
DA:141,19
DA:147,1
DA:148,19
DA:149,19
DA:152,1
DA:153,19
DA:154,0
DA:157,19
DA:158,19
DA:161,1
DA:162,23
DA:163,23
DA:168,23
DA:169,115
DA:170,115
LF:51
LH:49
BRDA:25,0,0,4
BRDA:25,0,1,53
BRDA:30,1,0,2
BRDA:30,1,1,51
BRDA:30,2,0,53
BRDA:30,2,1,51
BRDA:35,3,0,0
BRDA:35,3,1,51
BRDA:42,4,0,0
BRDA:42,4,1,51
BRDA:47,5,0,3
BRDA:47,5,1,35
BRDA:56,6,0,3
BRDA:56,6,1,16
BRDA:70,7,0,19
BRDA:70,7,1,1
BRDA:70,7,2,1
BRDA:71,8,0,19
BRDA:71,8,1,1
BRDA:71,8,2,1
BRDA:72,9,0,19
BRDA:72,9,1,0
BRDA:73,10,0,19
BRDA:73,10,1,0
BRDA:74,11,0,19
BRDA:74,11,1,0
BRDA:75,12,0,19
BRDA:75,12,1,0
BRDA:76,13,0,19
BRDA:76,13,1,0
BRDA:77,14,0,19
BRDA:77,14,1,0
BRDA:78,15,0,19
BRDA:78,15,1,0
BRDA:79,16,0,19
BRDA:79,16,1,1
BRDA:79,16,2,0
BRDA:83,17,0,19
BRDA:83,17,1,0
BRDA:84,18,0,19
BRDA:84,18,1,0
BRDA:85,19,0,19
BRDA:85,19,1,0
BRDA:88,20,0,18
BRDA:88,20,1,1
BRDA:101,21,0,4
BRDA:101,21,1,0
BRDA:108,22,0,4
BRDA:108,22,1,0
BRDA:108,22,2,0
BRDA:111,23,0,4
BRDA:111,23,1,0
BRDA:123,24,0,2
BRDA:123,24,1,1
BRDA:123,24,2,1
BRDA:135,25,0,3
BRDA:135,25,1,1
BRDA:148,26,0,19
BRDA:148,26,1,0
BRDA:149,27,0,1
BRDA:149,27,1,18
BRDA:153,28,0,0
BRDA:153,28,1,19
BRDA:158,29,0,19
BRDA:158,29,1,0
BRF:65
BRH:45
end_of_record
TN:
SF:domains/show/presenters/show.presenter.ts
FN:9,(anonymous_0)
FN:10,(anonymous_1)
FNF:2
FNH:0
FNDA:0,(anonymous_0)
FNDA:0,(anonymous_1)
DA:9,0
DA:10,0
DA:11,0
DA:17,0
DA:20,0
LF:5
LH:0
BRF:0
BRH:0
end_of_record
TN:
SF:domains/tvmaze/api/tvmaze.api.ts
FN:46,(anonymous_0)
FN:53,(anonymous_1)
FN:76,(anonymous_2)
FN:102,(anonymous_3)
FN:133,(anonymous_4)
FNF:5
FNH:0
FNDA:0,(anonymous_0)
FNDA:0,(anonymous_1)
FNDA:0,(anonymous_2)
FNDA:0,(anonymous_3)
FNDA:0,(anonymous_4)
DA:3,1
DA:46,1
DA:47,0
DA:53,1
DA:56,0
DA:76,1
DA:79,0
DA:102,1
DA:105,0
DA:122,1
DA:133,1
DA:136,0
LF:12
LH:7
BRF:0
BRH:0
end_of_record
TN:
SF:server/api/dashboard.get.ts
FN:10,(anonymous_0)
FN:20,(anonymous_1)
FNF:2
FNH:0
FNDA:0,(anonymous_0)
FNDA:0,(anonymous_1)
DA:11,0
DA:12,0
DA:13,0
DA:15,0
DA:21,0
DA:22,0
LF:6
LH:0
BRDA:12,0,0,0
BRDA:12,0,1,0
BRDA:22,1,0,0
BRDA:22,1,1,0
BRF:4
BRH:0
end_of_record
TN:
SF:server/api/layout.get.ts
FN:3,(anonymous_0)
FNF:1
FNH:0
FNDA:0,(anonymous_0)
DA:4,0
DA:6,0
LF:2
LH:0
BRF:0
BRH:0
end_of_record
TN:
SF:server/api/show/[id].get.ts
FN:9,(anonymous_0)
FN:39,(anonymous_1)
FNF:2
FNH:0
FNDA:0,(anonymous_0)
FNDA:0,(anonymous_1)
DA:10,0
DA:12,0
DA:13,0
DA:19,0
DA:21,0
DA:22,0
DA:26,0
DA:30,0
DA:39,0
LF:9
LH:0
BRDA:12,0,0,0
BRDA:12,0,1,0
BRDA:12,1,0,0
BRDA:12,1,1,0
BRDA:26,2,0,0
BRDA:26,2,1,0
BRDA:26,3,0,0
BRDA:26,3,1,0
BRDA:26,3,2,0
BRDA:26,3,3,0
BRDA:32,4,0,0
BRDA:32,4,1,0
BRDA:39,5,0,0
BRDA:39,5,1,0
BRF:14
BRH:0
end_of_record
